
Command: shopt -s histappend
Output:

Exit Code: 0
----
Command: pwd
Output:
/home/mdev1/Desktop/Code/hackathons/devdockDir/bounty-l8nvt
Exit Code: 0
----
Command: npm run build
Output:

> bounty-mdev_1@0.1.0 build
> next build

   ▲ Next.js 15.1.6

   Creating an optimized production build ...
 ⚠ Compiled with warnings

./node_modules/pino/lib/tools.js
Module not found: Can't resolve 'pino-pretty' in '/home/mdev1/Desktop/Code/hackathons/devdockDir/bounty-l8nvt/node_modules/pino/lib'

Import trace for requested module:
./node_modules/pino/lib/tools.js
./node_modules/pino/pino.js
./node_modules/@walletconnect/logger/dist/index.es.js
./node_modules/@walletconnect/sign-client/dist/index.es.js
./node_modules/@onflow/fcl-wc/dist/index.module.mjs
./node_modules/@onflow/fcl/dist/fcl.module.js
./app/page.tsx

 ✓ Compiled successfully
   Linting and checking validity of types ...
   Collecting page data ...
   Generating static pages (0/4) ...
(node:44064) [DEP0040] DeprecationWarning: The `punycode` module is deprecated. Please use a userland alternative instead.
(Use `node --trace-deprecation ...` to show where the warning was created)
   Generating static pages (1/4) 
   Generating static pages (2/4) 
   Generating static pages (3/4) 
 ✓ Generating static pages (4/4)
   Finalizing page optimization ...
   Collecting build traces ...

Route (app)                              Size     First Load JS
┌ ○ /                                    220 kB          325 kB
└ ○ /_not-found                          979 B           106 kB
+ First Load JS shared by all            105 kB
  ├ chunks/4bd1b696-dc53661a9e7a1ea0.js  52.9 kB
  ├ chunks/517-6fd397a5a924557d.js       50.5 kB
  └ other shared chunks (total)          2.02 kB


○  (Static)  prerendered as static content
Exit Code: 0
----
